c:\users\student\desktop\data\00_作業\01_ゲーム制作\00_git\stg_act\stg\release\vc140.pdb
c:\users\student\desktop\data\00_作業\01_ゲーム制作\00_git\stg_act\stg\release\renderer.obj
c:\users\student\desktop\data\00_作業\01_ゲーム制作\00_git\stg_act\stg\release\player.obj
c:\users\student\desktop\data\00_作業\01_ゲーム制作\00_git\stg_act\stg\release\object2d_anim.obj
c:\users\student\desktop\data\00_作業\01_ゲーム制作\00_git\stg_act\stg\release\object2d.obj
c:\users\student\desktop\data\00_作業\01_ゲーム制作\00_git\stg_act\stg\release\object.obj
c:\users\student\desktop\data\00_作業\01_ゲーム制作\00_git\stg_act\stg\release\manager.obj
c:\users\student\desktop\data\00_作業\01_ゲーム制作\00_git\stg_act\stg\release\main.obj
c:\users\student\desktop\data\00_作業\01_ゲーム制作\00_git\stg_act\stg\release\input.obj
c:\users\student\desktop\data\00_作業\01_ゲーム制作\00_git\stg_act\stg\release\enemy.obj
c:\users\student\desktop\data\00_作業\01_ゲーム制作\00_git\stg_act\stg\release\debugproc.obj
c:\users\student\desktop\data\00_作業\01_ゲーム制作\00_git\stg_act\stg\release\bullet.obj
c:\users\student\desktop\data\00_作業\01_ゲーム制作\00_git\stg_act\stg\stg.exe
c:\users\student\desktop\data\00_作業\01_ゲーム制作\00_git\stg_act\stg\stg.ipdb
c:\users\student\desktop\data\00_作業\01_ゲーム制作\00_git\stg_act\stg\stg.iobj
c:\users\student\desktop\data\00_作業\01_ゲーム制作\00_git\stg_act\stg\stg.pdb
c:\users\student\desktop\data\00_作業\01_ゲーム制作\00_git\stg_act\stg\release\stg.tlog\cl.command.1.tlog
c:\users\student\desktop\data\00_作業\01_ゲーム制作\00_git\stg_act\stg\release\stg.tlog\cl.read.1.tlog
c:\users\student\desktop\data\00_作業\01_ゲーム制作\00_git\stg_act\stg\release\stg.tlog\cl.write.1.tlog
c:\users\student\desktop\data\00_作業\01_ゲーム制作\00_git\stg_act\stg\release\stg.tlog\link.command.1.tlog
c:\users\student\desktop\data\00_作業\01_ゲーム制作\00_git\stg_act\stg\release\stg.tlog\link.read.1.tlog
c:\users\student\desktop\data\00_作業\01_ゲーム制作\00_git\stg_act\stg\release\stg.tlog\link.write.1.tlog
