c:\users\student\desktop\data\00_作業\01_ゲーム制作\00_git\stg_act\stg\debug\vc140.pdb
c:\users\student\desktop\data\00_作業\01_ゲーム制作\00_git\stg_act\stg\debug\vc140.idb
c:\users\student\desktop\data\00_作業\01_ゲーム制作\00_git\stg_act\stg\debug\bullet.obj
c:\users\student\desktop\data\00_作業\01_ゲーム制作\00_git\stg_act\stg\debug\bg.obj
c:\users\student\desktop\data\00_作業\01_ゲーム制作\00_git\stg_act\stg\debug\debugproc.obj
c:\users\student\desktop\data\00_作業\01_ゲーム制作\00_git\stg_act\stg\debug\enemy.obj
c:\users\student\desktop\data\00_作業\01_ゲーム制作\00_git\stg_act\stg\debug\explosion.obj
c:\users\student\desktop\data\00_作業\01_ゲーム制作\00_git\stg_act\stg\debug\input.obj
c:\users\student\desktop\data\00_作業\01_ゲーム制作\00_git\stg_act\stg\debug\main.obj
c:\users\student\desktop\data\00_作業\01_ゲーム制作\00_git\stg_act\stg\debug\manager.obj
c:\users\student\desktop\data\00_作業\01_ゲーム制作\00_git\stg_act\stg\debug\object.obj
c:\users\student\desktop\data\00_作業\01_ゲーム制作\00_git\stg_act\stg\debug\object2d.obj
c:\users\student\desktop\data\00_作業\01_ゲーム制作\00_git\stg_act\stg\debug\object2d_anim.obj
c:\users\student\desktop\data\00_作業\01_ゲーム制作\00_git\stg_act\stg\debug\player.obj
c:\users\student\desktop\data\00_作業\01_ゲーム制作\00_git\stg_act\stg\debug\renderer.obj
c:\users\student\desktop\data\00_作業\01_ゲーム制作\00_git\stg_act\stg\debug\effect.obj
c:\users\student\desktop\data\00_作業\01_ゲーム制作\00_git\stg_act\stg\debug\stg.ilk
c:\users\student\desktop\data\00_作業\01_ゲーム制作\00_git\stg_act\stg\debug\stg.exe
c:\users\student\desktop\data\00_作業\01_ゲーム制作\00_git\stg_act\stg\debug\stg.pdb
c:\users\student\desktop\data\00_作業\01_ゲーム制作\00_git\stg_act\stg\debug\stg.tlog\cl.command.1.tlog
c:\users\student\desktop\data\00_作業\01_ゲーム制作\00_git\stg_act\stg\debug\stg.tlog\cl.read.1.tlog
c:\users\student\desktop\data\00_作業\01_ゲーム制作\00_git\stg_act\stg\debug\stg.tlog\cl.write.1.tlog
c:\users\student\desktop\data\00_作業\01_ゲーム制作\00_git\stg_act\stg\debug\stg.tlog\link.command.1.tlog
c:\users\student\desktop\data\00_作業\01_ゲーム制作\00_git\stg_act\stg\debug\stg.tlog\link.read.1.tlog
c:\users\student\desktop\data\00_作業\01_ゲーム制作\00_git\stg_act\stg\debug\stg.tlog\link.write.1.tlog
